

----------------------------------------------------
Mon Jan 15 2024 22:36:07 GMT+0700 (GMT+07:00)
Error: Duplicate entry '16' for key 'menu.PRIMARY'
 
----------------------------------------------------
Mon Jan 15 2024 22:37:12 GMT+0700 (GMT+07:00)
Error: Duplicate entry '16' for key 'menu.PRIMARY'

----------------------------------------------------
Mon Jan 15 2024 22:38:56 GMT+0700 (GMT+07:00)
Error: Duplicate entry '/admin/addMenu' for key 'menu.menu_path'

----------------------------------------------------
Mon Jan 15 2024 22:39:13 GMT+0700 (GMT+07:00)
Error: Duplicate entry '/admin/addMenu' for key 'menu.menu_path'

----------------------------------------------------
Mon Jan 15 2024 22:58:29 GMT+0700 (GMT+07:00)
Error: You have an error in your SQL syntax; check the manual that corresponds to your MySQL server version for the right syntax to use near 'function next(err) {
    // signal to exit route
    if (err && err === 'route')' at line 1

----------------------------------------------------
Mon Jan 15 2024 22:58:32 GMT+0700 (GMT+07:00)
Error: You have an error in your SQL syntax; check the manual that corresponds to your MySQL server version for the right syntax to use near 'function next(err) {
    // signal to exit route
    if (err && err === 'route')' at line 1

----------------------------------------------------
Mon Jan 15 2024 23:04:13 GMT+0700 (GMT+07:00)
Error: You have an error in your SQL syntax; check the manual that corresponds to your MySQL server version for the right syntax to use near 'function next(err) {
    // signal to exit route
    if (err && err === 'route')' at line 1

----------------------------------------------------
Mon Jan 15 2024 23:06:07 GMT+0700 (GMT+07:00)
Error: You have an error in your SQL syntax; check the manual that corresponds to your MySQL server version for the right syntax to use near 'function next(err) {
    // signal to exit route
    if (err && err === 'route')' at line 1

----------------------------------------------------
Tue Jan 16 2024 08:39:14 GMT+0700 (GMT+07:00)
Error: You have an error in your SQL syntax; check the manual that corresponds to your MySQL server version for the right syntax to use near 'function next(err) {
    // signal to exit route
    if (err && err === 'route')' at line 1

----------------------------------------------------
Tue Jan 16 2024 08:39:27 GMT+0700 (GMT+07:00)
Error: You have an error in your SQL syntax; check the manual that corresponds to your MySQL server version for the right syntax to use near 'function next(err) {
    // signal to exit route
    if (err && err === 'route')' at line 1

----------------------------------------------------
Tue Jan 16 2024 08:40:19 GMT+0700 (GMT+07:00)
Error: You have an error in your SQL syntax; check the manual that corresponds to your MySQL server version for the right syntax to use near 'function next(err) {
    // signal to exit route
    if (err && err === 'route')' at line 1

----------------------------------------------------
Tue Jan 16 2024 08:40:49 GMT+0700 (GMT+07:00)
Error: You have an error in your SQL syntax; check the manual that corresponds to your MySQL server version for the right syntax to use near 'function next(err) {
    // signal to exit route
    if (err && err === 'route')' at line 1

----------------------------------------------------
Tue Jan 16 2024 08:55:04 GMT+0700 (GMT+07:00)
Error: You have an error in your SQL syntax; check the manual that corresponds to your MySQL server version for the right syntax to use near 'SELECT LAST_INSERT_ID()' at line 1

----------------------------------------------------
Tue Jan 16 2024 08:56:55 GMT+0700 (GMT+07:00)
Error: You have an error in your SQL syntax; check the manual that corresponds to your MySQL server version for the right syntax to use near 'SELECT LAST_INSERT_ID()' at line 1

----------------------------------------------------
Tue Jan 16 2024 08:59:33 GMT+0700 (GMT+07:00)
Error: Duplicate entry '/admin/addMenu' for key 'menu.menu_path'

----------------------------------------------------
Tue Jan 16 2024 09:12:57 GMT+0700 (GMT+07:00)
Error: You have an error in your SQL syntax; check the manual that corresponds to your MySQL server version for the right syntax to use near 'SELECT LAST_INSERT_ID()' at line 1

----------------------------------------------------
Tue Jan 16 2024 09:13:39 GMT+0700 (GMT+07:00)
Error: You have an error in your SQL syntax; check the manual that corresponds to your MySQL server version for the right syntax to use near 'SELECT LAST_INSERT_ID()' at line 1

----------------------------------------------------
Tue Jan 16 2024 09:13:50 GMT+0700 (GMT+07:00)
Error: Duplicate entry '/admin/addRole' for key 'menu.menu_path'

----------------------------------------------------
Tue Jan 16 2024 09:36:44 GMT+0700 (GMT+07:00)
Error: Duplicate entry '/admin/addRole' for key 'menu.menu_path'

----------------------------------------------------
Tue Jan 16 2024 09:37:16 GMT+0700 (GMT+07:00)
Error: Duplicate entry '/admin/addRole' for key 'menu.menu_path'

----------------------------------------------------
Tue Jan 16 2024 09:44:53 GMT+0700 (GMT+07:00)
Error: Query was empty

----------------------------------------------------
Tue Jan 16 2024 09:45:28 GMT+0700 (GMT+07:00)
Error: Query was empty

----------------------------------------------------
Tue Jan 16 2024 09:48:36 GMT+0700 (GMT+07:00)
Error: Query was empty

----------------------------------------------------
Tue Jan 16 2024 11:18:35 GMT+0700 (GMT+07:00)
Error: Cannot add or update a child row: a foreign key constraint fails (`rap_ai`.`menu_role`, CONSTRAINT `menu_role_ibfk_2` FOREIGN KEY (`role_id`) REFERENCES `role` (`role_id`))

----------------------------------------------------
Tue Jan 16 2024 11:19:00 GMT+0700 (GMT+07:00)
Error: Cannot add or update a child row: a foreign key constraint fails (`rap_ai`.`menu_role`, CONSTRAINT `menu_role_ibfk_1` FOREIGN KEY (`menu_id`) REFERENCES `menu` (`menu_id`))

----------------------------------------------------
Tue Jan 16 2024 11:19:10 GMT+0700 (GMT+07:00)
Error: Cannot add or update a child row: a foreign key constraint fails (`rap_ai`.`menu_role`, CONSTRAINT `menu_role_ibfk_1` FOREIGN KEY (`menu_id`) REFERENCES `menu` (`menu_id`))

----------------------------------------------------
Tue Jan 16 2024 11:39:27 GMT+0700 (GMT+07:00)
Error: Cannot add or update a child row: a foreign key constraint fails (`rap_ai`.`menu_role`, CONSTRAINT `menu_role_ibfk_1` FOREIGN KEY (`menu_id`) REFERENCES `menu` (`menu_id`))

----------------------------------------------------
Tue Jan 16 2024 11:40:05 GMT+0700 (GMT+07:00)
Error: Cannot add or update a child row: a foreign key constraint fails (`rap_ai`.`menu_role`, CONSTRAINT `menu_role_ibfk_1` FOREIGN KEY (`menu_id`) REFERENCES `menu` (`menu_id`))

----------------------------------------------------
Tue Jan 16 2024 14:02:05 GMT+0700 (GMT+07:00)
Error: Duplicate entry 'admin' for key 'role.role_name'

----------------------------------------------------
Tue Jan 16 2024 14:02:32 GMT+0700 (GMT+07:00)
Error: Duplicate entry 'admin' for key 'role.role_name'

----------------------------------------------------
Tue Jan 16 2024 14:26:21 GMT+0700 (GMT+07:00)
Error: Duplicate entry 'admin' for key 'role.role_name'

----------------------------------------------------
Tue Jan 16 2024 14:27:20 GMT+0700 (GMT+07:00)
Error: Duplicate entry 'admin' for key 'role.role_name'

----------------------------------------------------
Tue Jan 16 2024 14:30:48 GMT+0700 (GMT+07:00)
Error: Duplicate entry 'test' for key 'role.role_name'

----------------------------------------------------
Tue Jan 16 2024 14:43:09 GMT+0700 (GMT+07:00)
Error: Duplicate entry 'test' for key 'menu.menu_path'

----------------------------------------------------
Tue Jan 16 2024 14:43:28 GMT+0700 (GMT+07:00)
Error: Duplicate entry 'test' for key 'role.role_name'

----------------------------------------------------
Tue Jan 16 2024 15:22:35 GMT+0700 (GMT+07:00)
Error: Duplicate entry '/admin/deleteRole' for key 'menu.menu_path'

----------------------------------------------------
Tue Jan 16 2024 15:23:40 GMT+0700 (GMT+07:00)
Error: You have an error in your SQL syntax; check the manual that corresponds to your MySQL server version for the right syntax to use near '"' at line 1

----------------------------------------------------
Tue Jan 16 2024 15:44:51 GMT+0700 (GMT+07:00)
Error: Duplicate entry 'admin' for key 'role.role_name'

----------------------------------------------------
Tue Jan 16 2024 15:46:23 GMT+0700 (GMT+07:00)
Error: Duplicate entry 'admin' for key 'role.role_name'

----------------------------------------------------
Tue Jan 16 2024 15:46:31 GMT+0700 (GMT+07:00)
Error: Duplicate entry 'user' for key 'role.role_name'
